make.exe all --print-data-base --no-builtin-variables --no-builtin-rules --question
# GNU Make 3.81
# Copyright (C) 2006  Free Software Foundation, Inc.
# This is free software; see the source for copying conditions.
# There is NO warranty; not even for MERCHANTABILITY or FITNESS FOR A
# PARTICULAR PURPOSE.

# This program built for i386-pc-mingw32
 

# Make data base, printed on Wed Jul 27 20:44:41 2022

# Variables

# automatic
<D = $(patsubst %/,%,$(dir $<))
# automatic
?F = $(notdir $?)
# makefile
MAKEFLAGS = Rrqp
# automatic
?D = $(patsubst %/,%,$(dir $?))
# automatic
@D = $(patsubst %/,%,$(dir $@))
# environment
HOMEDRIVE = C:
# automatic
@F = $(notdir $@)
# automatic
^D = $(patsubst %/,%,$(dir $^))
# makefile
CURDIR := c:/Users/Falco/Desktop/simplebank
# default
SHELL := sh.exe
# environment
WINDIR = C:\Windows
# environment
VSCODE_NLS_CONFIG = {"locale":"zh-tw","availableLanguages":{},"_languagePackSupport":true}
# environment
ONEDRIVE = C:\Users\Falco\OneDrive
# environment
PATHEXT = .COM;.EXE;.BAT;.CMD;.VBS;.VBE;.JS;.JSE;.WSF;.WSH;.MSC;.PY;.PYW
# makefile (from `makefile', line 1)
MAKEFILE_LIST :=  makefile
# environment
TMP = C:\Users\Falco\AppData\Local\Temp
# environment
VSCODE_AMD_ENTRYPOINT = vs/workbench/api/node/extensionHostProcess
# environment
PROGRAMW6432 = C:\Program Files
# environment
PROGRAMDATA = C:\ProgramData
# environment
VSCODE_CWD = C:\Users\Falco\AppData\Local\Programs\Microsoft VS Code
# environment
GOPROXY = https://proxy.golang.org,direct
# environment
PATH = C:\Program Files\Common Files\Oracle\Java\javapath;C:\Python39\Scripts\;C:\Python39\;C:\Windows\system32;C:\Windows;C:\Windows\System32\Wbem;C:\Windows\System32\WindowsPowerShell\v1.0\;C:\Windows\System32\OpenSSH\;C:\Program Files\NVIDIA Corporation\NVIDIA NvDLISR;C:\Program Files (x86)\NVIDIA Corporation\PhysX\Common;C:\Program Files\nodejs\;C:\ProgramData\chocolatey\bin;C:\Program Files (x86)\dotnet\;C:\Program Files\dotnet\;C:\Program Files\Go\bin;C:\Program Files\Git\cmd;C:\Program Files\Docker\Docker\resources\bin;C:\ProgramData\DockerDesktop\version-bin;C:\Program Files (x86)\GnuWin32\bin;C:\Users\Falco\scoop\shims;C:\Users\Falco\AppData\Local\Microsoft\WindowsApps;C:\Users\Falco\AppData\Roaming\npm;F:\IntelliJ IDEA Community Edition 2021.2.2\bin;C:\Users\Falco\AppData\Local\Programs\Microsoft VS Code\bin;C:\Users\Falco\go\bin;
# environment
COMMONPROGRAMW6432 = C:\Program Files\Common Files
# environment
CHOCOLATEYLASTPATHUPDATE = 132772407892574690
# environment
PROCESSOR_ARCHITECTURE = x86
# environment
USERPROFILE = C:\Users\Falco
# environment
CHOCOLATEYINSTALL = C:\ProgramData\chocolatey
# environment
ALLUSERSPROFILE = C:\ProgramData
# environment
GOPATH = C:\Users\Falco\go
# environment
NUMBER_OF_PROCESSORS = 12
# environment
ELECTRON_RUN_AS_NODE = 1
# default
.FEATURES := target-specific order-only second-expansion else-if archives
# automatic
%F = $(notdir  
$%)
# environment
CHROME_CRASHPAD_PIPE_NAME = \\.\pipe\crashpad_6480_LQNAPPZBJACBSWJM
# environment
COMPUTERNAME = DESKTOP-8LH2V3I
# environment
PROGRAMFILES = C:\Program Files (x86)
# environment
DRIVERDATA = C:\Windows\System32\Drivers\DriverData
# environment
ORIGINAL_XDG_CURRENT_DESKTOP = undefined
# environment
USERNAME = Falco
# environment
PUBLIC = C:\Users\Public
# environment
GOMODCACHE = C:\Users\Falco\go\pkg\mod
# environment
VSCODE_CODE_CACHE_PATH = C:\Users\Falco\AppData\Roaming\Code\CachedData\3b889b090b5ad5793f524b5d1d39fda662b96a2a
# environment
APPLICATION_INSIGHTS_NO_DIAGNOSTIC_CHANNEL = 1
# environment
COMMONPROGRAMFILES = C:\Program Files (x86)\Common Files
# environment
LOGONSERVER = \\DESKTOP-8LH2V3I
# environment
VSCODE_HANDLES_UNCAUGHT_ERRORS = true
# environment
USERDOMAIN = DESKTOP-8LH2V3I
# environment
INTELLIJ IDEA COMMUNITY EDITION = F:\IntelliJ IDEA Community Edition 2021.2.2\bin;
# environment
MAKE = C:\Program Files (x86)\GnuWin32\bin
# default
MAKECMDGOALS := all
# default
MAKE_VERSION := 3.81
# makefile
.DEFAULT_GOAL := network
# makefile (from `makefile', line 1)
DB_URL = postgresql://root:root@localhost:5432/simple_bank?sslmode=disable
# environment
PROGRAMFILES(X86) = C:\Program Files (x86)
# automatic
%D = $(patsubst %/,%,$(dir $%))
# environment
LOCALAPPDATA = C:\Users\Falco\AppData\Local
# environment
PSMODULEPATH = C:\Program Files\WindowsPowerShell\Modules;C:\Windows\system32\WindowsPowerShell\v1.0\Modules
# default
MAKE_COMMAND := make.exe
# environment
PROCESSOR_ARCHITEW6432 = AMD64
# default
.VARIABLES := 
# automatic
*F = $(notdir $*)
# environment
PROCESSOR_IDENTIFIER = AMD64 Family 25 Model 33 Stepping 0, AuthenticAMD
# environment
OS = Windows_NT
# environment
VSCODE_IPC_HOOK = \\.\pipe\02c02b2e21f46f5f29e2fcd9e986806d-1.69.2-main-sock
# environment
HOMEPATH = \Users\Falco
# environment
COMMONPROGRAMFILES(X86) = C:\Program Files (x86)\Common Files
# environment
PROMPT = $P$G
# environment
MFLAGS = -Rrqp
# automatic
*D = $(patsubst %/,%,$(dir $*))
# environment
SYSTEMROOT = C:\Windows
# automatic
+D = $(patsubst %/,%,$(dir $+))
# automatic
+F = $(notdir $+)
# environment
APPDATA = C:\Users\Falco\AppData\Roaming
# environment
TEMP = C:\Users\Falco\AppData\Local\Temp
# environment
COMSPEC = C:\Windows\system32\cmd.exe
# default
MAKEFILES := 
# automatic
<F = $(notdir $<)
# environment
LC_ALL = C
# automatic
^F = $(notdir $^)
# default
SUFFIXES := 
# environment
SYSTEMDRIVE = C:
# environment
SESSIONNAME = Console
# environment
PROCESSOR_REVISION = 2100
# environment
MAKELEVEL := 0
# environment
LANG = C
# environment
PROCESSOR_LEVEL = 25
# environment
VSCODE_PID = 6480
# environment
USERDOMAIN_ROAMINGPROFILE = DESKTOP-8LH2V3I
# variable set hash-table stats:
# Load=88/1024=9%, Rehash=0, Collisions=10/109=9%

# Pattern-specific Variable Values

# No pattern-specific variable values.

# Directories

# C:\Program Files\Common Files\Oracle\Java\javapath (key C:/Program Files/Common Files/Oracle/Java/javapath, mtime 1632767694): 6 files, no impossibilities.
# C:\Program Files\Docker\Docker\resources\bin (key C:/Program Files/Docker/Docker/resources/bin, mtime 1658061201): 13 files, no impossibilities.
# C:\Program Files\Go\bin (key C:/Program Files/Go/bin, mtime 1647941759): 4 files, no impossibilities.
# F:\IntelliJ IDEA Community Edition 2021.2.2\bin (key F:/IntelliJ IDEA Community Edition 2021.2.2/bin, mtime 1632844316): 31 files, no impossibilities.
# C:\Windows\System32\WindowsPowerShell\v1.0\ (key C:/Windows/System32/WindowsPowerShell/v1.0/, mtime 1632759872): 33 files, no impossibilities.
# C:\Users\Falco\AppData\Roaming\npm (key C:/Users/Falco/AppData/Roaming/npm, mtime 1648909475): 21 files, no impossibilities.
# C:\Windows\System32\Wbem (key C:/Windows/System32/Wbem, mtime 1657806091): 172 files, no impossibilities.
# . (key c:/Users/Falco/Desktop/simplebank, mtime 1658670220): 11 files, no impossibilities.
# C:\Users\Falco\AppData\Local\Programs\Microsoft VS Code\bin (key C:/Users/Falco/AppData/Local/Programs/Microsoft VS Code/bin, mtime 1658668073): 4 files, no impossibilities.
# C:\Program Files (x86)\NVIDIA Corporation\PhysX\Common (key C:/Program Files (x86)/NVIDIA Corporation/PhysX/Common, mtime 1632761639): 10 files, no impossibilities.
# C:\ProgramData\chocolatey\bin (key C:/ProgramData/chocolatey/bin, mtime 1632767189): 13 files, no impossibilities.
# C:\Program Files\nodejs\ (key C:/Program Files/nodejs/, mtime 1632767156): 11 files, no impossibilities.
# C:\Windows\System32\OpenSSH\: could not be stat'd.
# C:\Users\Falco\scoop\shims (key C:/Users/Falco/scoop/shims, mtime 1658145300): 7 files, no impossibilities.
# C:\ProgramData\DockerDesktop\version-bin: could not be stat'd.
# C:\Windows (key C:/Windows, mtime 1657806090): 117 files, no impossibilities.
# C:\Users\Falco\AppData\Local\Microsoft\WindowsApps (key C:/Users/Falco/AppData/Local/Microsoft/WindowsApps, mtime 1658489026): 21 files, no impossibilities.
# C:\Program Files\dotnet\ (key C:/Program Files/dotnet/, mtime 1652147740): 8 files, no impossibilities.
# C:\Users\Falco\go\bin (key C:/Users/Falco/go/bin, mtime 1658149798): 4 files, no impossibilities.
# C:\Python39\ (key C:/Python39/, mtime 1632767353): 18 files, no impossibilities.
# C:\Program Files (x86)\dotnet\ (key C:/Program Files (x86)/dotnet/, mtime 1632767814): 8 files, no impossibilities.
# C:\Python39\Scripts\ (key C:/Python39/Scripts/, mtime 1632767353): 5 files, no impossibilities.
# C:\Program Files\Git\cmd (key C:/Program Files/Git/cmd, mtime 1648295662): 8 files, no impossibilities.
# C:\Windows\system32 (key C:/Windows/system32, mtime 1658489253): 3045 files, no impossibilities.
# C:\Program Files\NVIDIA Corporation\NVIDIA NvDLISR (key C:/Program Files/NVIDIA Corporation/NVIDIA NvDLISR, mtime 1632760971): 5 files, no impossibilities.
# C:\Program Files (x86)\GnuWin32\bin (key C:/Program Files (x86)/GnuWin32/bin, mtime 1658147011): 5 files, no impossibilities.

# 3580 files, no impossibilities in 26 directories.

# Implicit Rules

# No implicit rules.

# Files

postgres:
#  Phony target (prerequisite of .PHONY).
#  Implicit rule search has not been done.
#  File does not exist.
#  File has not been updated.
#  commands to execute (from `makefile', line 7):
	docker run --name postgres --network bank-network -p 5432:5432 -e POSTGRES_USER=root -e POSTGRES_PASSWORD=root -d postgres:14-alpine
	

network:
#  Phony target (prerequisite of .PHONY).
#  Implicit rule search has not been done.
#  File does not exist.
#  File has not been updated.
#  commands to execute (from `makefile', line 4):
	docker network create bank-network
	

# Not a target:
all:
#  Command-line target.
#  Implicit rule search has been done.
#  File does not exist.
#  File has not been updated.
# variable set hash-table stats:
# Load=0/32=0%, Rehash=0, Collisions=0/0=0%

migratedown1:
#  Phony target (prerequisite of .PHONY).
#  Implicit rule search has not been done.
#  File does not exist.
#  File has not been updated.
#  commands to execute (from `makefile', line 28):
	migrate -path db/migration -database "$(DB_URL)" -verbose down 1
	

.PHONY: network postgres createdb dropdb migrateup migratedown migrateup1 migratedown1 db_docs db_schema sqlc test server mock proto evans
#  Implicit rule search has not been done.
#  Modification time never checked.
#  File has not been updated.

sqlc:
#  Phony target (prerequisite of .PHONY).
#  Implicit rule search has not been done.
#  File does not exist.
#  File has not been updated.
#  commands to execute (from `makefile', line 37):
	docker run --rm -v C:\Users\Falco\Desktop\simplebank:/src -w /src kjconroy/sqlc generate
	

# Not a target:
.DEFAULT:
#  Implicit rule search has not been done.
#  Modification time never checked.
#  File has not been updated.

proto:
#  Phony target (prerequisite of .PHONY).
#  Implicit rule search has not been done.
#  File does not exist.
#  File has not been updated.
#  commands to execute (from `makefile', line 49):
	rm -f pb/*.go
	rm -f doc/swagger/*.swagger.json
	protoc --proto_path=proto --go_out=pb --go_opt=paths=source_relative \
	--go-grpc_out=pb --go-grpc_opt=paths=source_relative \
	--grpc-gateway_out=pb --grpc-gateway_opt=paths=source_relative \
	--openapiv2_out=doc/swagger --openapiv2_opt=allow_merge=true,merge_file_name=simple_bank \
	proto/*.proto
	statik -src=./doc/swagger -dest=./doc
	

server:
#  Phony target (prerequisite of .PHONY).
#  Implicit rule search has not been done.
#  File does not exist.
#  File has not been updated.
#  commands to execute (from `makefile', line 43):
	go run main.go
	

test:
#  Phony target (prerequisite of .PHONY).
#  Implicit rule search has not been done.
#  File does not exist.
#  File has not been updated.
#  commands to execute (from `makefile', line 40):
	go test -v -cover ./...
	

db_schema:
#  Phony target (prerequisite of .PHONY).
#  Implicit rule search has not been done.
#  File does not exist.
#  File has not been updated.
#  commands to execute (from `makefile', line 34):
	dbml2sql --postgres -o doc/schema.sql doc/db.dbml
	

# Not a target:
makefile:
#  Implicit rule search has been done.
#  Last modified 2022-07-24 21:35:52
#  File has been updated.
#  Successfully updated.
# variable set hash-table stats:
# Load=0/32=0%, Rehash=0, Collisions=0/0=0%

createdb:
#  Phony target (prerequisite of .PHONY).
#  Implicit rule search has not been done.
#  File does not exist.
#  File has not been updated.
#  commands to execute (from `makefile', line 13):
	docker exec -it postgres12 createdb --username=root --owner=root simple_bank
	

evans:
#  Phony target (prerequisite of .PHONY).
#  Implicit rule search has not been done.
#  File does not exist.
#  File has not been updated.
#  commands to execute (from `makefile', line 59):
	evans --host localhost --port 9090 -r repl
	

# Not a target:
.SUFFIXES:
#  Implicit rule search has not been done.
#  Modification time never checked.
#  File has not been updated.

db_docs:
#  Phony target (prerequisite of .PHONY).
#  Implicit rule search has not been done.
#  File does not exist.
#  File has not been updated.
#  commands to execute (from `makefile', line 31):
	dbdocs build doc/db.dbml
	

dropdb:
#  Phony target (prerequisite of .PHONY).
#  Implicit rule search has not been done.
#  File does not exist.
#  File has not been updated.
#  commands to execute (from `makefile', line 16):
	docker exec -it postgres12 dropdb simple_bank
	

migrateup:
#  Phony target (prerequisite of .PHONY).
#  Implicit rule search has not been done.
#  File does not exist.
#  File has not been updated.
#  commands to execute (from `makefile', line 19):
	migrate -path db/migration -database "$(DB_URL)" -verbose up
	

mysql:
#  Implicit rule search has not been done.
#  Modification time never checked.
#  File has not been updated.
#  commands to execute (from `makefile', line 10):
	docker run --name mysql8 -p 3306:3306  -e MYSQL_ROOT_PASSWORD=root -d mysql:8
	

migrateup1:
#  Phony target (prerequisite of .PHONY).
#  Implicit rule search has not been done.
#  File does not exist.
#  File has not been updated.
#  commands to execute (from `makefile', line 22):
	migrate -path db/migration -database "$(DB_URL)" -verbose up 1
	

migratedown:
#  Phony target (prerequisite of .PHONY).
#  Implicit rule search has not been done.
#  File does not exist.
#  File has not been updated.
#  commands to execute (from `makefile', line 25):
	migrate -path db/migration -database "$(DB_URL)" -verbose down
	

mock:
#  Phony target (prerequisite of .PHONY).
#  Implicit rule search has not been done.
#  File does not exist.
#  File has not been updated.
#  commands to execute (from `makefile', line 46):
	mockgen -package mockdb -destination db/mock/store.go github.com/techschool/simplebank/db/sqlc Store
	

# files hash-table stats:
# Load=22/1024=2%, Rehash=0, Collisions=0/49=0%
# VPATH Search Paths

# No `vpath' search paths.

# No general (`VPATH' variable) search path.

# # of strings in strcache: 1
# # of strcache buffers: 1
# strcache size: total = 4096 / max = 4096 / min = 4096 / avg = 4096
# strcache free: total = 4087 / max = 4087 / min = 4087 / avg = 4087

# Finished Make data base on Wed Jul 27 20:44:41 2022

 
make.exe: *** No rule to make target `all'.  Stop.

